2024-06-19T14:26:38+00:00 DEBUG POST: https://ads.tiktok.com/marketing_api/api/developer/app/create_auto_approve/

{"business_platform":"PROD","smb_id":"tt4b_woocommerce_6672ea9e3a6d0httplocalhostwordpresswp-admin","smb_name":"PROD","redirect_url":"http:\/\/localhost\/wordpress\/wp-admin\/"}
 ajax: no
2024-06-19T14:26:38+00:00 DEBUG Tt4b_Mapi_Class::create_open_source_app: Response: 

HTTP/1.1 200 OK
Content-Type: application/json
X-Tt-Logid: 202406191426463495F91221EB33147BF3,202406191426463495F91221EB33147BF3
Strict-Transport-Security: max-age=31536000; includeSubDomains
Server-Timing: inner; dur=60
x-tt-trace-host: 017d716bc67f74acaee333737de9e55d4f554963f3f4860581303eea573b3c00500b40fee1d64f1d1b44421f6cf7ee5baae58d2bdc51a9c996cedcb6ab606d8c7ee5b03005d5d9f464c8ba197b65c1ec25426026ae3fc6727774304453c9ec7b18
x-tt-trace-id: 00-2406191426463495F91221EB33147BF3-1A9B81D96C0FAB70-00
Server: TLB
Content-Encoding: gzip
Date: Wed, 19 Jun 2024 14:26:47 GMT
Content-Length: 209
X-Cache: TCP_MISS from a113-171-12-167.deploy.akamaitechnologies.com (AkamaiGHost/11.5.2-56372494) (-)
Connection: close
Vary: Accept-Encoding
x-tt-trace-tag: id=16;cdn-cache=miss;type=dyn
Server-Timing: cdn-cache; desc=MISS, edge; dur=3, origin; dur=106
X-Origin-Response-Time: 106,113.171.12.167
X-Akamai-Request-ID: 94f406c6

{"code":0,"msg":"ok","data":{"redirect_uri":"http:\/\/localhost\/wordpress\/wp-admin\/","app_secret":"2a6006f91b69f10e68733b926c1ab83ad5eb4454","external_data_key":"879d7f0b-21c2-4572-b710-e1d1ca1b411d","app_id":"7382220745209806855"}}

2024-06-19T14:42:40+00:00 DEBUG Tt4b_Pixel_Class::inject_add_to_cart_event: hit AddToCart
2024-06-19T14:42:40+00:00 DEBUG Tt4b_Pixel_Class::inject_add_to_cart_event: Missing option "access_token"
2024-06-19T14:42:47+00:00 DEBUG Tt4b_Pixel_Class::inject_initiate_checkout_event: hit InitiateCheckout
2024-06-19T14:42:47+00:00 DEBUG Tt4b_Pixel_Class::inject_initiate_checkout_event: Missing option "access_token"
2024-06-19T14:42:51+00:00 DEBUG Tt4b_Pixel_Class::inject_initiate_checkout_event: hit InitiateCheckout
2024-06-19T14:42:51+00:00 DEBUG Tt4b_Pixel_Class::inject_initiate_checkout_event: Missing option "access_token"
2024-06-19T14:43:18+00:00 DEBUG Tt4b_Pixel_Class::inject_purchase_event: hit Purchase
2024-06-19T14:43:18+00:00 DEBUG Tt4b_Pixel_Class::inject_purchase_event: Missing option "access_token"
2024-06-19T14:44:29+00:00 DEBUG Tt4b_Pixel_Class::inject_add_to_cart_event: hit AddToCart
2024-06-19T14:44:29+00:00 DEBUG Tt4b_Pixel_Class::inject_add_to_cart_event: Missing option "access_token"
